<?xml version="1.0" encoding="UTF-8"?>
<!-- Generated by org.testng.reporters.JUnitReportReporter -->
<testsuite hostname="DESKTOP-SL41LMC" failures="0" tests="1" name="Testng_sequencial.facebook" time="15.124" errors="0" timestamp="2023-09-21T08:40:08 IST" skipped="0">
  <testcase classname="Testng_sequencial.facebook" name="fb" time="15.124"/>
</testsuite> <!-- Testng_sequencial.facebook -->
