<?xml version="1.0" encoding="UTF-8"?>
<!-- Generated by org.testng.reporters.JUnitReportReporter -->
<testsuite hostname="DESKTOP-SL41LMC" failures="0" tests="9" name="TestNg.Priority_invocation_Isenabled" time="0.110" errors="0" timestamp="2023-09-21T08:08:55 IST" skipped="1">
  <testcase classname="TestNg.Priority_invocation_Isenabled" name="demo1" time="0.040"/>
  <testcase classname="TestNg.Priority_invocation_Isenabled" name="demo1" time="0.004"/>
  <testcase classname="TestNg.Priority_invocation_Isenabled" name="demo1" time="0.006"/>
  <testcase classname="TestNg.Priority_invocation_Isenabled" name="demo3" time="0.015"/>
  <testcase classname="TestNg.Priority_invocation_Isenabled" name="demo3" time="0.017"/>
  <testcase classname="TestNg.Priority_invocation_Isenabled" name="demo3" time="0.007"/>
  <testcase classname="TestNg.Priority_invocation_Isenabled" name="demo3" time="0.013"/>
  <testcase classname="TestNg.Priority_invocation_Isenabled" name="demo3" time="0.008"/>
  <testcase classname="TestNg.Priority_invocation_Isenabled" name="demo2">
    <skipped/>
  </testcase> <!-- demo2 -->
</testsuite> <!-- TestNg.Priority_invocation_Isenabled -->
