<?xml version="1.0" encoding="UTF-8"?>
<!-- Generated by org.testng.reporters.JUnitReportReporter -->
<testsuite hostname="DESKTOP-SL41LMC" failures="0" tests="1" name="Testng_sequencial.amazon" time="35.398" errors="0" timestamp="2023-09-21T08:40:08 IST" skipped="0">
  <testcase classname="Testng_sequencial.amazon" name="az" time="35.398"/>
</testsuite> <!-- Testng_sequencial.amazon -->
